<?xml version="1.0" encoding="UTF-8"?>
<testsuite xmlns:xsi="http://www.w3.org/2001/XMLSchema-instance" xsi:noNamespaceSchemaLocation="https://maven.apache.org/surefire/maven-surefire-plugin/xsd/surefire-test-report-3.0.xsd" version="3.0" name="validating 5 rated  hp laptop to check ramsize" time="31.054" tests="2" errors="0" skipped="0" failures="1">
  <properties>
[...]
</properties>
  <testcase name="validating ram size" classname="validating 5 rated  hp laptop to check ramsize" time="20.338">
    <failure type="java.lang.AssertionError"><![CDATA[java.lang.AssertionError
]]></failure>
    <system-out><![CDATA[
@Regression
Scenario: validating ram size                        &amp#27;[90m# src/test/resources/features/validatehplaptop.feature:5&amp#27;[0m
  &amp#27;[32mGiven &amp#27;[0m&amp#27;[32mloginto amazon&amp#27;[0m                               &amp#27;[90m# com.amazon.stepdefs.ValidateRamSizeStepdef.loginto_amazon()&amp#27;[0m
  &amp#27;[32mWhen &amp#27;[0m&amp#27;[32msearch hp laptops and click on &amp#27;[0m&amp#27;[32m&amp#27;[1m5&amp#27;[0m&amp#27;[32m rated laptop&amp#27;[0m &amp#27;[90m# com.amazon.stepdefs.ValidateRamSizeStepdef.search_hp_laptops_and_click_on_rated_laptop(java.lang.Integer)&amp#27;[0m
  &amp#27;[31mThen &amp#27;[0m&amp#27;[31mvalidate the ram size is diplayed or not&amp#27;[0m      &amp#27;[90m# com.amazon.stepdefs.ValidateRamSizeStepdef.validate_the_ram_size_is_diplayed_or_not()&amp#27;[0m
      &amp#27;[31mjava.lang.AssertionError
	at org.junit.Assert.fail(Assert.java:87)
	at org.junit.Assert.assertTrue(Assert.java:42)
	at org.junit.Assert.assertTrue(Assert.java:53)
	at com.amazon.stepdefs.ValidateRamSizeStepdef.validate_the_ram_size_is_diplayed_or_not(ValidateRamSizeStepdef.java:50)
	at âœ½.validate the ram size is diplayed or not(file:///D:/seleniumgitprojectslocalrep/com-amazon-cucmber/src/test/resources/features/validatehplaptop.feature:8)
&amp#27;[0m
]]></system-out>
    <system-err><![CDATA[Mar 09, 2023 6:06:18 AM org.openqa.selenium.remote.tracing.opentelemetry.OpenTelemetryTracer createTracer
INFO: Using OpenTelemetry for tracing
SLF4J: Failed to load class "org.slf4j.impl.StaticLoggerBinder".
SLF4J: Defaulting to no-operation (NOP) logger implementation
SLF4J: See http://www.slf4j.org/codes.html#StaticLoggerBinder for further details.
ERROR StatusLogger Log4j2 could not find a logging implementation. Please add log4j-core to the classpath. Using SimpleLogger to log to the console...
Mar 09, 2023 6:06:24 AM org.openqa.selenium.remote.ProtocolHandshake createSession
INFO: Detected upstream dialect: W3C
]]></system-err>
  </testcase>
  <testcase name="validating xpaths" classname="validating 5 rated  hp laptop to check ramsize" time="10.509">
    <system-out><![CDATA[
@Regression
Scenario: validating xpaths            &amp#27;[90m# src/test/resources/features/validatehplaptop.feature:11&amp#27;[0m
  &amp#27;[32mGiven &amp#27;[0m&amp#27;[32mopen amazon&amp#27;[0m                    &amp#27;[90m# com.amazon.stepdefs.Xpaths.openingAmazon()&amp#27;[0m
printing and verifying xpaths....
7
ul
li
span
a
div
label
span
  &amp#27;[32mThen &amp#27;[0m&amp#27;[32mprint and validate xpath result&amp#27;[0m &amp#27;[90m# com.amazon.stepdefs.Xpaths.validateXpath()&amp#27;[0m
]]></system-out>
    <system-err><![CDATA[Mar 09, 2023 6:06:43 AM org.openqa.selenium.remote.ProtocolHandshake createSession
INFO: Detected upstream dialect: W3C
]]></system-err>
  </testcase>
</testsuite>