-------------------------------------------------------------------------------
Test set: validating 5 rated  hp laptop to check ramsize
-------------------------------------------------------------------------------
Tests run: 2, Failures: 1, Errors: 0, Skipped: 0, Time elapsed: 31.054 s <<< FAILURE! - in validating 5 rated  hp laptop to check ramsize
validating 5 rated  hp laptop to check ramsize.validating ram size  Time elapsed: 20.338 s  <<< FAILURE!
java.lang.AssertionError

